Flow report for Botao_DeBounce
Mon Oct 19 12:39:46 2015
Quartus II 64-Bit Version 13.1.0 Build 162 10/23/2013 SJ Web Edition


---------------------
; Table of Contents ;
---------------------
  1. Legal Notice
  2. Flow Summary
  3. Flow Settings
  4. Flow Non-Default Global Settings
  5. Flow Elapsed Time
  6. Flow OS Summary
  7. Flow Log
  8. Flow Messages
  9. Flow Suppressed Messages



----------------
; Legal Notice ;
----------------
Copyright (C) 1991-2013 Altera Corporation
Your use of Altera Corporation's design tools, logic functions 
and other software and tools, and its AMPP partner logic 
functions, and any output files from any of the foregoing 
(including device programming or simulation files), and any 
associated documentation or information are expressly subject 
to the terms and conditions of the Altera Program License 
Subscription Agreement, Altera MegaCore Function License 
Agreement, or other applicable license agreement, including, 
without limitation, that your use is for the sole purpose of 
programming logic devices manufactured by Altera and sold by 
Altera or its authorized distributors.  Please refer to the 
applicable agreement for further details.



+---------------------------------------------------------------------------------+
; Flow Summary                                                                    ;
+------------------------------------+--------------------------------------------+
; Flow Status                        ; Successful - Mon Oct 19 12:39:46 2015      ;
; Quartus II 64-Bit Version          ; 13.1.0 Build 162 10/23/2013 SJ Web Edition ;
; Revision Name                      ; Botao_DeBounce                             ;
; Top-level Entity Name              ; TesteLCD                                   ;
; Family                             ; Cyclone IV E                               ;
; Device                             ; EP4CE30F23C7                               ;
; Timing Models                      ; Final                                      ;
; Total logic elements               ; 291 / 28,848 ( 1 % )                       ;
;     Total combinational functions  ; 290 / 28,848 ( 1 % )                       ;
;     Dedicated logic registers      ; 63 / 28,848 ( < 1 % )                      ;
; Total registers                    ; 63                                         ;
; Total pins                         ; 19 / 329 ( 6 % )                           ;
; Total virtual pins                 ; 0                                          ;
; Total memory bits                  ; 81,920 / 608,256 ( 13 % )                  ;
; Embedded Multiplier 9-bit elements ; 0 / 132 ( 0 % )                            ;
; Total PLLs                         ; 0 / 4 ( 0 % )                              ;
+------------------------------------+--------------------------------------------+


+-----------------------------------------+
; Flow Settings                           ;
+-------------------+---------------------+
; Option            ; Setting             ;
+-------------------+---------------------+
; Start date & time ; 10/19/2015 12:38:30 ;
; Main task         ; Compilation         ;
; Revision Name     ; Botao_DeBounce      ;
+-------------------+---------------------+


+-----------------------------------------------------------------------------------------------------------------------+
; Flow Non-Default Global Settings                                                                                      ;
+-------------------------------------+---------------------------------+----------------+-------------+----------------+
; Assignment Name                     ; Value                           ; Default Value  ; Entity Name ; Section Id     ;
+-------------------------------------+---------------------------------+----------------+-------------+----------------+
; COMPILER_SIGNATURE_ID               ; 20580472633616.144526910905020  ; --             ; --          ; --             ;
; EDA_OUTPUT_DATA_FORMAT              ; Systemverilog Hdl               ; --             ; --          ; eda_simulation ;
; EDA_SIMULATION_TOOL                 ; ModelSim-Altera (SystemVerilog) ; <None>         ; --          ; --             ;
; MAX_CORE_JUNCTION_TEMP              ; 85                              ; --             ; --          ; --             ;
; MIN_CORE_JUNCTION_TEMP              ; 0                               ; --             ; --          ; --             ;
; NOMINAL_CORE_SUPPLY_VOLTAGE         ; 1.2V                            ; --             ; --          ; --             ;
; PARTITION_COLOR                     ; 16764057                        ; --             ; TesteLCD    ; Top            ;
; PARTITION_FITTER_PRESERVATION_LEVEL ; PLACEMENT_AND_ROUTING           ; --             ; TesteLCD    ; Top            ;
; PARTITION_NETLIST_TYPE              ; SOURCE                          ; --             ; TesteLCD    ; Top            ;
; PROJECT_OUTPUT_DIRECTORY            ; output_files                    ; --             ; --          ; --             ;
; TOP_LEVEL_ENTITY                    ; TesteLCD                        ; Botao_DeBounce ; --          ; --             ;
+-------------------------------------+---------------------------------+----------------+-------------+----------------+


+-------------------------------------------------------------------------------------------------------------------------------+
; Flow Elapsed Time                                                                                                             ;
+---------------------------+--------------+-------------------------+---------------------+------------------------------------+
; Module Name               ; Elapsed Time ; Average Processors Used ; Peak Virtual Memory ; Total CPU Time (on all processors) ;
+---------------------------+--------------+-------------------------+---------------------+------------------------------------+
; Analysis & Synthesis      ; 00:00:16     ; 1.0                     ; 498 MB              ; 00:00:16                           ;
; Fitter                    ; 00:00:27     ; 1.2                     ; 1023 MB             ; 00:00:26                           ;
; Assembler                 ; 00:00:05     ; 1.0                     ; 469 MB              ; 00:00:05                           ;
; TimeQuest Timing Analyzer ; 00:00:07     ; 1.0                     ; 539 MB              ; 00:00:06                           ;
; EDA Netlist Writer        ; 00:00:03     ; 1.0                     ; 427 MB              ; 00:00:02                           ;
; Total                     ; 00:00:58     ; --                      ; --                  ; 00:00:55                           ;
+---------------------------+--------------+-------------------------+---------------------+------------------------------------+


+----------------------------------------------------------------------------------------+
; Flow OS Summary                                                                        ;
+---------------------------+------------------+-----------+------------+----------------+
; Module Name               ; Machine Hostname ; OS Name   ; OS Version ; Processor type ;
+---------------------------+------------------+-----------+------------+----------------+
; Analysis & Synthesis      ; Sara             ; Windows 7 ; 6.2        ; x86_64         ;
; Fitter                    ; Sara             ; Windows 7 ; 6.2        ; x86_64         ;
; Assembler                 ; Sara             ; Windows 7 ; 6.2        ; x86_64         ;
; TimeQuest Timing Analyzer ; Sara             ; Windows 7 ; 6.2        ; x86_64         ;
; EDA Netlist Writer        ; Sara             ; Windows 7 ; 6.2        ; x86_64         ;
+---------------------------+------------------+-----------+------------+----------------+


------------
; Flow Log ;
------------
quartus_map --read_settings_files=on --write_settings_files=off Botao_DeBounce -c Botao_DeBounce
quartus_fit --read_settings_files=off --write_settings_files=off Botao_DeBounce -c Botao_DeBounce
quartus_asm --read_settings_files=off --write_settings_files=off Botao_DeBounce -c Botao_DeBounce
quartus_sta Botao_DeBounce -c Botao_DeBounce
quartus_eda --read_settings_files=off --write_settings_files=off Botao_DeBounce -c Botao_DeBounce



